#
# There is insufficient memory for the Java Runtime Environment to continue.
# Native memory allocation (mmap) failed to map 94896128 bytes for committing reserved memory.
# Possible reasons:
#   The system is out of physical RAM or swap space
#   In 32 bit mode, the process size limit was hit
# Possible solutions:
#   Reduce memory load on the system
#   Increase physical memory or swap space
#   Check if swap backing store is full
#   Use 64 bit Java on a 64 bit OS
#   Decrease Java heap size (-Xmx/-Xms)
#   Decrease number of Java threads
#   Decrease Java thread stack sizes (-Xss)
#   Set larger code cache with -XX:ReservedCodeCacheSize=
# This output file may be truncated or incomplete.
#
#  Out of Memory Error (os_linux.cpp:2673), pid=9875, tid=140718817081088
#
# JRE version: OpenJDK Runtime Environment (8.0_45-b14) (build 1.8.0_45-internal-b14)
# Java VM: OpenJDK 64-Bit Server VM (25.45-b02 mixed mode linux-amd64 compressed oops)
# Failed to write core dump. Core dumps have been disabled. To enable core dumping, try "ulimit -c unlimited" before starting Java again
#

---------------  T H R E A D  ---------------

Current thread (0x00007ffbbc078000):  VMThread [stack: 0x00007ffba70af000,0x00007ffba71b0000] [id=9881]

Stack: [0x00007ffba70af000,0x00007ffba71b0000],  sp=0x00007ffba71ae4d0,  free space=1021k
Native frames: (J=compiled Java code, j=interpreted, Vv=VM code, C=native code)
V  [libjvm.so+0xa902bd]  VMError::report_and_die()+0x15d
V  [libjvm.so+0x4e783c]  report_vm_out_of_memory(char const*, int, unsigned long, VMErrorType, char const*)+0xac
V  [libjvm.so+0x8e03b0]  os::pd_commit_memory(char*, unsigned long, unsigned long, bool)+0xf0
V  [libjvm.so+0x8daaee]  os::commit_memory(char*, unsigned long, unsigned long, bool)+0x2e
V  [libjvm.so+0x955a9b]  PSVirtualSpace::expand_by(unsigned long)+0x5b
V  [libjvm.so+0x956e03]  PSYoungGen::resize(unsigned long, unsigned long)+0x103
V  [libjvm.so+0x953a8e]  PSScavenge::invoke_no_policy()+0x14be
V  [libjvm.so+0x953d7c]  PSScavenge::invoke()+0x4c
V  [libjvm.so+0x906073]  ParallelScavengeHeap::failed_mem_allocate(unsigned long)+0x63
V  [libjvm.so+0xa91d92]  VM_ParallelGCFailedAllocation::doit()+0x92
V  [libjvm.so+0xa968f7]  VM_Operation::evaluate()+0x47
V  [libjvm.so+0xa94c17]  VMThread::evaluate_operation(VM_Operation*)+0xe7
V  [libjvm.so+0xa95447]  VMThread::loop()+0x227
V  [libjvm.so+0xa95991]  VMThread::run()+0x81
V  [libjvm.so+0x8dd8a2]  java_start(Thread*)+0xf2

VM_Operation (0x00007ffbc3f2cef0): ParallelGCFailedAllocation, mode: safepoint, requested by thread 0x00007ffbbc00a800


---------------  P R O C E S S  ---------------

Java Threads: ( => current thread )
  0x00007ffbbc7bb000 JavaThread "Thread-20" daemon [_thread_blocked, id=9908, stack(0x00007ffba14ed000,0x00007ffba15ee000)]
  0x00007ffb5407f800 JavaThread "qtp469052459-28" [_thread_blocked, id=9907, stack(0x00007ffba15ee000,0x00007ffba16ef000)]
  0x00007ffb5407d800 JavaThread "qtp469052459-27" [_thread_blocked, id=9906, stack(0x00007ffba16ef000,0x00007ffba17f0000)]
  0x00007ffb5407c000 JavaThread "qtp469052459-26" [_thread_blocked, id=9905, stack(0x00007ffba17f0000,0x00007ffba18f1000)]
  0x00007ffb5407a000 JavaThread "qtp469052459-25" [_thread_blocked, id=9904, stack(0x00007ffba18f1000,0x00007ffba19f2000)]
  0x00007ffb54078800 JavaThread "qtp469052459-24" [_thread_blocked, id=9903, stack(0x00007ffba19f2000,0x00007ffba1af3000)]
  0x00007ffb54076800 JavaThread "qtp469052459-23" [_thread_blocked, id=9902, stack(0x00007ffba1af3000,0x00007ffba1bf4000)]
  0x00007ffb54075000 JavaThread "qtp469052459-22 Acceptor0 SelectChannelConnector@0.0.0.0:1841" [_thread_in_native, id=9901, stack(0x00007ffba1bf4000,0x00007ffba1cf5000)]
  0x00007ffb54073000 JavaThread "qtp469052459-21 Selector0" [_thread_blocked, id=9900, stack(0x00007ffba1cf5000,0x00007ffba1df6000)]
  0x00007ffb54071800 JavaThread "HashSessionScavenger-2" daemon [_thread_blocked, id=9899, stack(0x00007ffba1df6000,0x00007ffba1ef7000)]
  0x00007ffb5406c800 JavaThread "HashSessionScavenger-1" daemon [_thread_blocked, id=9898, stack(0x00007ffba1ef7000,0x00007ffba1ff8000)]
  0x00007ffb5406a800 JavaThread "HashSessionScavenger-0" daemon [_thread_blocked, id=9897, stack(0x00007ffba1ff8000,0x00007ffba20f9000)]
  0x00007ffb54048000 JavaThread "Thread-8" daemon [_thread_in_native, id=9896, stack(0x00007ffba20f9000,0x00007ffba21fa000)]
  0x00007ffb5403c800 JavaThread "Thread-7" daemon [_thread_in_native, id=9895, stack(0x00007ffba21fa000,0x00007ffba22fb000)]
  0x00007ffbbc6a3000 JavaThread "Thread-6" daemon [_thread_blocked, id=9894, stack(0x00007ffba24fb000,0x00007ffba25fc000)]
  0x00007ffbbc408000 JavaThread "Thread-5" daemon [_thread_blocked, id=9893, stack(0x00007ffba25fc000,0x00007ffba26fd000)]
  0x00007ffbbc4e3800 JavaThread "Thread-4" daemon [_thread_blocked, id=9892, stack(0x00007ffba4d4d000,0x00007ffba4e4e000)]
  0x00007ffbbc522800 JavaThread "Thread-3" daemon [_thread_blocked, id=9891, stack(0x00007ffba544e000,0x00007ffba554f000)]
  0x00007ffbbc3ab000 JavaThread "Timer-0" daemon [_thread_blocked, id=9890, stack(0x00007ffba5e8a000,0x00007ffba5f8b000)]
  0x00007ffbbc0be800 JavaThread "Service Thread" daemon [_thread_blocked, id=9888, stack(0x00007ffba62c6000,0x00007ffba63c7000)]
  0x00007ffbbc0b0800 JavaThread "C1 CompilerThread2" daemon [_thread_blocked, id=9887, stack(0x00007ffba63c7000,0x00007ffba64c8000)]
  0x00007ffbbc0ae800 JavaThread "C2 CompilerThread1" daemon [_thread_blocked, id=9886, stack(0x00007ffba64c8000,0x00007ffba65c9000)]
  0x00007ffbbc0ab800 JavaThread "C2 CompilerThread0" daemon [_thread_blocked, id=9885, stack(0x00007ffba65c9000,0x00007ffba66ca000)]
  0x00007ffbbc0a9800 JavaThread "Signal Dispatcher" daemon [_thread_blocked, id=9884, stack(0x00007ffba66ca000,0x00007ffba67cb000)]
  0x00007ffbbc07f800 JavaThread "Finalizer" daemon [_thread_blocked, id=9883, stack(0x00007ffba6ead000,0x00007ffba6fae000)]
  0x00007ffbbc07d000 JavaThread "Reference Handler" daemon [_thread_blocked, id=9882, stack(0x00007ffba6fae000,0x00007ffba70af000)]
  0x00007ffbbc00a800 JavaThread "main" [_thread_blocked, id=9876, stack(0x00007ffbc3e31000,0x00007ffbc3f32000)]

Other Threads:
=>0x00007ffbbc078000 VMThread [stack: 0x00007ffba70af000,0x00007ffba71b0000] [id=9881]
  0x00007ffbbc0c0800 WatcherThread [stack: 0x00007ffba61c5000,0x00007ffba62c6000] [id=9889]

VM state:at safepoint (normal execution)

VM Mutex/Monitor currently owned by a thread:  ([mutex/lock_event])
[0x00007ffbbc006ac0] Threads_lock - owner thread: 0x00007ffbbc078000
[0x00007ffbbc006fc0] Heap_lock - owner thread: 0x00007ffbbc00a800

Heap:
 PSYoungGen      total 170496K, used 25600K [0x00000000eab00000, 0x00000000f7100000, 0x0000000100000000)
  eden space 144896K, 0% used [0x00000000eab00000,0x00000000eab00000,0x00000000f3880000)
  from space 25600K, 100% used [0x00000000f3880000,0x00000000f5180000,0x00000000f5180000)
  to   space 19968K, 0% used [0x00000000f5180000,0x00000000f5180000,0x00000000f6500000)
 ParOldGen       total 87552K, used 60296K [0x00000000c0000000, 0x00000000c5580000, 0x00000000eab00000)
  object space 87552K, 68% used [0x00000000c0000000,0x00000000c3ae23d8,0x00000000c5580000)
 Metaspace       used 26766K, capacity 27764K, committed 28032K, reserved 1073152K
  class space    used 3177K, capacity 3617K, committed 3712K, reserved 1048576K

Card table byte_map: [0x00007ffbc031a000,0x00007ffbc051b000] byte_map_base: 0x00007ffbbfd1a000

Marking Bits: (ParMarkBitMap*) 0x00007ffbc3104e80
 Begin Bits: [0x00007ffba2cfd000, 0x00007ffba3cfd000)
 End Bits:   [0x00007ffba3cfd000, 0x00007ffba4cfd000)

Polling page: 0x00007ffbc3f56000

CodeCache: size=245760Kb used=15149Kb max_used=15149Kb free=230610Kb
 bounds [0x00007ffbad000000, 0x00007ffbadee0000, 0x00007ffbbc000000]
 total_blobs=4959 nmethods=4502 adapters=369
 compilation: enabled

Compilation events (10 events):
Event: 15.177 Thread 0x00007ffbbc0b0800 5086       1       com.sencha.tools.compiler.ast.js.Infix::setRight (6 bytes)
Event: 15.177 Thread 0x00007ffbbc0b0800 nmethod 5086 0x00007ffbaded0c50 code [0x00007ffbaded0da0, 0x00007ffbaded0ed0]
Event: 15.177 Thread 0x00007ffbbc0b0800 5085       1       com.sencha.tools.compiler.ast.js.Infix::setLeft (6 bytes)
Event: 15.177 Thread 0x00007ffbbc0b0800 nmethod 5085 0x00007ffbaded0950 code [0x00007ffbaded0aa0, 0x00007ffbaded0bd0]
Event: 15.177 Thread 0x00007ffbbc0b0800 5084       3       com.sencha.tools.compiler.ast.AstUtil::createProperty (33 bytes)
Event: 15.178 Thread 0x00007ffbbc0b0800 nmethod 5084 0x00007ffbaded8850 code [0x00007ffbaded8a00, 0x00007ffbaded90d8]
Event: 15.183 Thread 0x00007ffbbc0b0800 5088  s    2       com.sencha.tools.compiler.sources.types.ClassDefinition::getClassConfigs (136 bytes)
Event: 15.184 Thread 0x00007ffbbc0b0800 nmethod 5088 0x00007ffbaded9390 code [0x00007ffbaded9580, 0x00007ffbaded9c48]
Event: 15.217 Thread 0x00007ffbbc0b0800 5092       2       com.sencha.tools.compiler.sources.ReferenceVisitor::onNewExpression (133 bytes)
Event: 15.219 Thread 0x00007ffbbc0b0800 nmethod 5092 0x00007ffbadeda510 code [0x00007ffbadeda7a0, 0x00007ffbadedb1d8]

GC Heap History (10 events):
Event: 6.391 GC heap after
Heap after GC invocations=5 (full 1):
 PSYoungGen      total 57344K, used 4253K [0x00000000eab00000, 0x00000000ef580000, 0x0000000100000000)
  eden space 52736K, 0% used [0x00000000eab00000,0x00000000eab00000,0x00000000ede80000)
  from space 4608K, 92% used [0x00000000ef100000,0x00000000ef5277a8,0x00000000ef580000)
  to   space 5120K, 0% used [0x00000000eeb80000,0x00000000eeb80000,0x00000000ef080000)
 ParOldGen       total 87552K, used 13957K [0x00000000c0000000, 0x00000000c5580000, 0x00000000eab00000)
  object space 87552K, 15% used [0x00000000c0000000,0x00000000c0da14b8,0x00000000c5580000)
 Metaspace       used 22822K, capacity 23676K, committed 23936K, reserved 1071104K
  class space    used 2769K, capacity 3163K, committed 3200K, reserved 1048576K
}
Event: 7.329 GC heap before
{Heap before GC invocations=6 (full 1):
 PSYoungGen      total 57344K, used 56989K [0x00000000eab00000, 0x00000000ef580000, 0x0000000100000000)
  eden space 52736K, 100% used [0x00000000eab00000,0x00000000ede80000,0x00000000ede80000)
  from space 4608K, 92% used [0x00000000ef100000,0x00000000ef5277a8,0x00000000ef580000)
  to   space 5120K, 0% used [0x00000000eeb80000,0x00000000eeb80000,0x00000000ef080000)
 ParOldGen       total 87552K, used 13957K [0x00000000c0000000, 0x00000000c5580000, 0x00000000eab00000)
  object space 87552K, 15% used [0x00000000c0000000,0x00000000c0da14b8,0x00000000c5580000)
 Metaspace       used 25392K, capacity 26280K, committed 26624K, reserved 1073152K
  class space    used 3092K, capacity 3510K, committed 3584K, reserved 1048576K
Event: 7.349 GC heap after
Heap after GC invocations=6 (full 1):
 PSYoungGen      total 71168K, used 5089K [0x00000000eab00000, 0x00000000f1500000, 0x0000000100000000)
  eden space 66048K, 0% used [0x00000000eab00000,0x00000000eab00000,0x00000000eeb80000)
  from space 5120K, 99% used [0x00000000eeb80000,0x00000000ef078488,0x00000000ef080000)
  to   space 11776K, 0% used [0x00000000f0980000,0x00000000f0980000,0x00000000f1500000)
 ParOldGen       total 87552K, used 16370K [0x00000000c0000000, 0x00000000c5580000, 0x00000000eab00000)
  object space 87552K, 18% used [0x00000000c0000000,0x00000000c0ffc948,0x00000000c5580000)
 Metaspace       used 25392K, capacity 26280K, committed 26624K, reserved 1073152K
  class space    used 3092K, capacity 3510K, committed 3584K, reserved 1048576K
}
Event: 7.920 GC heap before
{Heap before GC invocations=7 (full 1):
 PSYoungGen      total 71168K, used 71137K [0x00000000eab00000, 0x00000000f1500000, 0x0000000100000000)
  eden space 66048K, 100% used [0x00000000eab00000,0x00000000eeb80000,0x00000000eeb80000)
  from space 5120K, 99% used [0x00000000eeb80000,0x00000000ef078488,0x00000000ef080000)
  to   space 11776K, 0% used [0x00000000f0980000,0x00000000f0980000,0x00000000f1500000)
 ParOldGen       total 87552K, used 16370K [0x00000000c0000000, 0x00000000c5580000, 0x00000000eab00000)
  object space 87552K, 18% used [0x00000000c0000000,0x00000000c0ffc948,0x00000000c5580000)
 Metaspace       used 26206K, capacity 27154K, committed 27520K, reserved 1073152K
  class space    used 3159K, capacity 3600K, committed 3712K, reserved 1048576K
Event: 7.942 GC heap after
Heap after GC invocations=7 (full 1):
 PSYoungGen      total 95232K, used 11756K [0x00000000eab00000, 0x00000000f3100000, 0x0000000100000000)
  eden space 83456K, 0% used [0x00000000eab00000,0x00000000eab00000,0x00000000efc80000)
  from space 11776K, 99% used [0x00000000f0980000,0x00000000f14fb3b8,0x00000000f1500000)
  to   space 13312K, 0% used [0x00000000efc80000,0x00000000efc80000,0x00000000f0980000)
 ParOldGen       total 87552K, used 16737K [0x00000000c0000000, 0x00000000c5580000, 0x00000000eab00000)
  object space 87552K, 19% used [0x00000000c0000000,0x00000000c1058498,0x00000000c5580000)
 Metaspace       used 26206K, capacity 27154K, committed 27520K, reserved 1073152K
  class space    used 3159K, capacity 3600K, committed 3712K, reserved 1048576K
}
Event: 8.441 GC heap before
{Heap before GC invocations=8 (full 1):
 PSYoungGen      total 95232K, used 95212K [0x00000000eab00000, 0x00000000f3100000, 0x0000000100000000)
  eden space 83456K, 100% used [0x00000000eab00000,0x00000000efc80000,0x00000000efc80000)
  from space 11776K, 99% used [0x00000000f0980000,0x00000000f14fb3b8,0x00000000f1500000)
  to   space 13312K, 0% used [0x00000000efc80000,0x00000000efc80000,0x00000000f0980000)
 ParOldGen       total 87552K, used 16737K [0x00000000c0000000, 0x00000000c5580000, 0x00000000eab00000)
  object space 87552K, 19% used [0x00000000c0000000,0x00000000c1058498,0x00000000c5580000)
 Metaspace       used 26394K, capacity 27424K, committed 27776K, reserved 1073152K
  class space    used 3162K, capacity 3614K, committed 3712K, reserved 1048576K
Event: 8.498 GC heap after
Heap after GC invocations=8 (full 1):
 PSYoungGen      total 96768K, used 13310K [0x00000000eab00000, 0x00000000f6500000, 0x0000000100000000)
  eden space 83456K, 0% used [0x00000000eab00000,0x00000000eab00000,0x00000000efc80000)
  from space 13312K, 99% used [0x00000000efc80000,0x00000000f097f810,0x00000000f0980000)
  to   space 19968K, 0% used [0x00000000f5180000,0x00000000f5180000,0x00000000f6500000)
 ParOldGen       total 87552K, used 25829K [0x00000000c0000000, 0x00000000c5580000, 0x00000000eab00000)
  object space 87552K, 29% used [0x00000000c0000000,0x00000000c1939490,0x00000000c5580000)
 Metaspace       used 26394K, capacity 27424K, committed 27776K, reserved 1073152K
  class space    used 3162K, capacity 3614K, committed 3712K, reserved 1048576K
}
Event: 9.647 GC heap before
{Heap before GC invocations=9 (full 1):
 PSYoungGen      total 96768K, used 96766K [0x00000000eab00000, 0x00000000f6500000, 0x0000000100000000)
  eden space 83456K, 100% used [0x00000000eab00000,0x00000000efc80000,0x00000000efc80000)
  from space 13312K, 99% used [0x00000000efc80000,0x00000000f097f810,0x00000000f0980000)
  to   space 19968K, 0% used [0x00000000f5180000,0x00000000f5180000,0x00000000f6500000)
 ParOldGen       total 87552K, used 25829K [0x00000000c0000000, 0x00000000c5580000, 0x00000000eab00000)
  object space 87552K, 29% used [0x00000000c0000000,0x00000000c1939490,0x00000000c5580000)
 Metaspace       used 26477K, capacity 27502K, committed 27776K, reserved 1073152K
  class space    used 3163K, capacity 3616K, committed 3712K, reserved 1048576K
Event: 9.713 GC heap after
Heap after GC invocations=9 (full 1):
 PSYoungGen      total 164864K, used 19952K [0x00000000eab00000, 0x00000000f7100000, 0x0000000100000000)
  eden space 144896K, 0% used [0x00000000eab00000,0x00000000eab00000,0x00000000f3880000)
  from space 19968K, 99% used [0x00000000f5180000,0x00000000f64fc040,0x00000000f6500000)
  to   space 25600K, 0% used [0x00000000f3880000,0x00000000f3880000,0x00000000f5180000)
 ParOldGen       total 87552K, used 31409K [0x00000000c0000000, 0x00000000c5580000, 0x00000000eab00000)
  object space 87552K, 35% used [0x00000000c0000000,0x00000000c1eac408,0x00000000c5580000)
 Metaspace       used 26477K, capacity 27502K, committed 27776K, reserved 1073152K
  class space    used 3163K, capacity 3616K, committed 3712K, reserved 1048576K
}
Event: 15.220 GC heap before
{Heap before GC invocations=10 (full 1):
 PSYoungGen      total 164864K, used 164848K [0x00000000eab00000, 0x00000000f7100000, 0x0000000100000000)
  eden space 144896K, 100% used [0x00000000eab00000,0x00000000f3880000,0x00000000f3880000)
  from space 19968K, 99% used [0x00000000f5180000,0x00000000f64fc040,0x00000000f6500000)
  to   space 25600K, 0% used [0x00000000f3880000,0x00000000f3880000,0x00000000f5180000)
 ParOldGen       total 87552K, used 31409K [0x00000000c0000000, 0x00000000c5580000, 0x00000000eab00000)
  object space 87552K, 35% used [0x00000000c0000000,0x00000000c1eac408,0x00000000c5580000)
 Metaspace       used 26766K, capacity 27764K, committed 28032K, reserved 1073152K
  class space    used 3177K, capacity 3617K, committed 3712K, reserved 1048576K

Deoptimization events (10 events):
Event: 14.846 Thread 0x00007ffbbc00a800 Uncommon trap: reason=bimorphic action=maybe_recompile pc=0x00007ffbade271a8 method=com.sencha.tools.compiler.ast.js.Block.doVisit(Lcom/sencha/tools/compiler/ast/js/NodeVisitor;)V @ 2
Event: 14.846 Thread 0x00007ffbbc00a800 Uncommon trap: reason=bimorphic action=maybe_recompile pc=0x00007ffbade21590 method=com.sencha.tools.compiler.ast.js.FunctionNode.doVisit(Lcom/sencha/tools/compiler/ast/js/NodeVisitor;)V @ 2
Event: 14.846 Thread 0x00007ffbbc00a800 Uncommon trap: reason=bimorphic action=maybe_recompile pc=0x00007ffbade271a8 method=com.sencha.tools.compiler.ast.js.Block.doVisit(Lcom/sencha/tools/compiler/ast/js/NodeVisitor;)V @ 2
Event: 14.846 Thread 0x00007ffbbc00a800 Uncommon trap: reason=bimorphic action=maybe_recompile pc=0x00007ffbadd16df8 method=com.sencha.tools.compiler.ast.js.NumberLiteral.doVisit(Lcom/sencha/tools/compiler/ast/js/NodeVisitor;)V @ 2
Event: 14.846 Thread 0x00007ffbbc00a800 Uncommon trap: reason=bimorphic action=maybe_recompile pc=0x00007ffbadd16df8 method=com.sencha.tools.compiler.ast.js.NumberLiteral.doVisit(Lcom/sencha/tools/compiler/ast/js/NodeVisitor;)V @ 2
Event: 14.846 Thread 0x00007ffbbc00a800 Uncommon trap: reason=bimorphic action=maybe_recompile pc=0x00007ffbade21590 method=com.sencha.tools.compiler.ast.js.FunctionNode.doVisit(Lcom/sencha/tools/compiler/ast/js/NodeVisitor;)V @ 2
Event: 14.846 Thread 0x00007ffbbc00a800 Uncommon trap: reason=bimorphic action=maybe_recompile pc=0x00007ffbade271a8 method=com.sencha.tools.compiler.ast.js.Block.doVisit(Lcom/sencha/tools/compiler/ast/js/NodeVisitor;)V @ 2
Event: 14.847 Thread 0x00007ffbbc00a800 Uncommon trap: reason=bimorphic action=maybe_recompile pc=0x00007ffbadd16df8 method=com.sencha.tools.compiler.ast.js.NumberLiteral.doVisit(Lcom/sencha/tools/compiler/ast/js/NodeVisitor;)V @ 2
Event: 14.847 Thread 0x00007ffbbc00a800 Uncommon trap: reason=bimorphic action=maybe_recompile pc=0x00007ffbadd16df8 method=com.sencha.tools.compiler.ast.js.NumberLiteral.doVisit(Lcom/sencha/tools/compiler/ast/js/NodeVisitor;)V @ 2
Event: 14.850 Thread 0x00007ffbbc00a800 Uncommon trap: reason=unstable_if action=reinterpret pc=0x00007ffbada1d800 method=com.sencha.tools.compiler.ast.js.CommentNodevisitor.visit(Lcom/sencha/tools/compiler/ast/js/BaseNode;)V @ 1

Internal exceptions (10 events):
Event: 6.857 Thread 0x00007ffbbc00a800 Exception <a 'java/lang/ClassNotFoundException': com/sencha/command/compile/app/BaseAppCompileCommandCustomizer> (0x00000000ec451a78) thrown at [/build/buildd/openjdk-8-8u45-b14/src/hotspot/src/share/vm/classfile/systemDictionary.cpp, line 210]
Event: 6.866 Thread 0x00007ffbbc00a800 Exception <a 'java/lang/ClassNotFoundException': com/sencha/command/compile/app/LoadAppCommandCustomizer> (0x00000000ec465810) thrown at [/build/buildd/openjdk-8-8u45-b14/src/hotspot/src/share/vm/classfile/systemDictionary.cpp, line 210]
Event: 7.466 Thread 0x00007ffbbc00a800 Implicit null exception at 0x00007ffbad228933 to 0x00007ffbad228ca9
Event: 7.466 Thread 0x00007ffbbc00a800 Implicit null exception at 0x00007ffbad1f60f3 to 0x00007ffbad1f6469
Event: 14.125 Thread 0x00007ffbbc00a800 Implicit null exception at 0x00007ffbadd85630 to 0x00007ffbadd86721
Event: 14.320 Thread 0x00007ffbbc00a800 Implicit null exception at 0x00007ffbad3e2a9d to 0x00007ffbad3e3ab5
Event: 14.563 Thread 0x00007ffbbc00a800 Implicit null exception at 0x00007ffbaddf634a to 0x00007ffbaddf729d
Event: 14.665 Thread 0x00007ffbbc00a800 Implicit null exception at 0x00007ffbade241b7 to 0x00007ffbade25025
Event: 14.845 Thread 0x00007ffbbc00a800 Implicit null exception at 0x00007ffbadb18daf to 0x00007ffbadb1c115
Event: 14.850 Thread 0x00007ffbbc00a800 Implicit null exception at 0x00007ffbada1d455 to 0x00007ffbada1d7f1

Events (10 events):
Event: 14.873 loading class com/sencha/command/environment/FrameworkEnvironment$DependencyMap done
Event: 14.985 loading class com/sencha/tools/compiler/sources/types/AutoDependency
Event: 14.985 loading class com/sencha/tools/compiler/sources/types/AutoDependency done
Event: 14.986 loading class com/sencha/tools/compiler/sources/types/AutoDependency$ReferenceTarget
Event: 14.986 loading class com/sencha/tools/compiler/sources/types/AutoDependency$ReferenceTarget done
Event: 15.088 loading class com/sencha/tools/compiler/CompilerMessage
Event: 15.088 loading class com/sencha/tools/compiler/CompilerMessage done
Event: 15.103 loading class com/sencha/tools/compiler/sources/InstanceConfigReferenceProcessor$2
Event: 15.103 loading class com/sencha/tools/compiler/sources/InstanceConfigReferenceProcessor$2 done
Event: 15.220 Executing VM operation: ParallelGCFailedAllocation


Dynamic libraries:
00400000-00401000 r-xp 00000000 08:04 28186583                           /usr/lib/jvm/java-8-openjdk-amd64/jre/bin/java
00600000-00601000 r--p 00000000 08:04 28186583                           /usr/lib/jvm/java-8-openjdk-amd64/jre/bin/java
00601000-00602000 rw-p 00001000 08:04 28186583                           /usr/lib/jvm/java-8-openjdk-amd64/jre/bin/java
025af000-025d0000 rw-p 00000000 00:00 0                                  [heap]
c0000000-c5580000 rw-p 00000000 00:00 0 
c5580000-eab00000 ---p 00000000 00:00 0 
eab00000-f7100000 rw-p 00000000 00:00 0 
fcb80000-100000000 ---p 00000000 00:00 0 
100000000-1003a0000 rw-p 00000000 00:00 0 
1003a0000-140000000 ---p 00000000 00:00 0 
7ffb24000000-7ffb24021000 rw-p 00000000 00:00 0 
7ffb24021000-7ffb28000000 ---p 00000000 00:00 0 
7ffb2c000000-7ffb2c021000 rw-p 00000000 00:00 0 
7ffb2c021000-7ffb30000000 ---p 00000000 00:00 0 
7ffb30000000-7ffb30021000 rw-p 00000000 00:00 0 
7ffb30021000-7ffb34000000 ---p 00000000 00:00 0 
7ffb34000000-7ffb34021000 rw-p 00000000 00:00 0 
7ffb34021000-7ffb38000000 ---p 00000000 00:00 0 
7ffb38000000-7ffb38021000 rw-p 00000000 00:00 0 
7ffb38021000-7ffb3c000000 ---p 00000000 00:00 0 
7ffb3c000000-7ffb3c021000 rw-p 00000000 00:00 0 
7ffb3c021000-7ffb40000000 ---p 00000000 00:00 0 
7ffb40000000-7ffb40021000 rw-p 00000000 00:00 0 
7ffb40021000-7ffb44000000 ---p 00000000 00:00 0 
7ffb44000000-7ffb44021000 rw-p 00000000 00:00 0 
7ffb44021000-7ffb48000000 ---p 00000000 00:00 0 
7ffb48000000-7ffb48021000 rw-p 00000000 00:00 0 
7ffb48021000-7ffb4c000000 ---p 00000000 00:00 0 
7ffb4c000000-7ffb4c021000 rw-p 00000000 00:00 0 
7ffb4c021000-7ffb50000000 ---p 00000000 00:00 0 
7ffb50000000-7ffb50021000 rw-p 00000000 00:00 0 
7ffb50021000-7ffb54000000 ---p 00000000 00:00 0 
7ffb54000000-7ffb540a4000 rw-p 00000000 00:00 0 
7ffb540a4000-7ffb58000000 ---p 00000000 00:00 0 
7ffb58000000-7ffb58021000 rw-p 00000000 00:00 0 
7ffb58021000-7ffb5c000000 ---p 00000000 00:00 0 
7ffb5c000000-7ffb5c021000 rw-p 00000000 00:00 0 
7ffb5c021000-7ffb60000000 ---p 00000000 00:00 0 
7ffb60000000-7ffb60021000 rw-p 00000000 00:00 0 
7ffb60021000-7ffb64000000 ---p 00000000 00:00 0 
7ffb64000000-7ffb64021000 rw-p 00000000 00:00 0 
7ffb64021000-7ffb68000000 ---p 00000000 00:00 0 
7ffb68000000-7ffb682e9000 rw-p 00000000 00:00 0 
7ffb682e9000-7ffb6c000000 ---p 00000000 00:00 0 
7ffb6c000000-7ffb6c021000 rw-p 00000000 00:00 0 
7ffb6c021000-7ffb70000000 ---p 00000000 00:00 0 
7ffb70000000-7ffb70021000 rw-p 00000000 00:00 0 
7ffb70021000-7ffb74000000 ---p 00000000 00:00 0 
7ffb74000000-7ffb76934000 rw-p 00000000 00:00 0 
7ffb76934000-7ffb78000000 ---p 00000000 00:00 0 
7ffb78000000-7ffb78cbd000 rw-p 00000000 00:00 0 
7ffb78cbd000-7ffb7c000000 ---p 00000000 00:00 0 
7ffb7c000000-7ffb7c021000 rw-p 00000000 00:00 0 
7ffb7c021000-7ffb80000000 ---p 00000000 00:00 0 
7ffb80000000-7ffb826a3000 rw-p 00000000 00:00 0 
7ffb826a3000-7ffb84000000 ---p 00000000 00:00 0 
7ffb84000000-7ffb84021000 rw-p 00000000 00:00 0 
7ffb84021000-7ffb88000000 ---p 00000000 00:00 0 
7ffb88000000-7ffb88021000 rw-p 00000000 00:00 0 
7ffb88021000-7ffb8c000000 ---p 00000000 00:00 0 
7ffb8c000000-7ffb8c021000 rw-p 00000000 00:00 0 
7ffb8c021000-7ffb90000000 ---p 00000000 00:00 0 
7ffb90000000-7ffb9027d000 rw-p 00000000 00:00 0 
7ffb9027d000-7ffb94000000 ---p 00000000 00:00 0 
7ffb94000000-7ffb94021000 rw-p 00000000 00:00 0 
7ffb94021000-7ffb98000000 ---p 00000000 00:00 0 
7ffb9c000000-7ffb9c021000 rw-p 00000000 00:00 0 
7ffb9c021000-7ffba0000000 ---p 00000000 00:00 0 
7ffba12ed000-7ffba14ad000 rw-p 00000000 00:00 0 
7ffba14ad000-7ffba14ed000 ---p 00000000 00:00 0 
7ffba14ed000-7ffba14f0000 ---p 00000000 00:00 0 
7ffba14f0000-7ffba15ee000 rw-p 00000000 00:00 0                          [stack:9908]
7ffba15ee000-7ffba15f1000 ---p 00000000 00:00 0 
7ffba15f1000-7ffba16ef000 rw-p 00000000 00:00 0                          [stack:9907]
7ffba16ef000-7ffba16f2000 ---p 00000000 00:00 0 
7ffba16f2000-7ffba17f0000 rw-p 00000000 00:00 0                          [stack:9906]
7ffba17f0000-7ffba17f3000 ---p 00000000 00:00 0 
7ffba17f3000-7ffba18f1000 rw-p 00000000 00:00 0                          [stack:9905]
7ffba18f1000-7ffba18f4000 ---p 00000000 00:00 0 
7ffba18f4000-7ffba19f2000 rw-p 00000000 00:00 0                          [stack:9904]
7ffba19f2000-7ffba19f5000 ---p 00000000 00:00 0 
7ffba19f5000-7ffba1af3000 rw-p 00000000 00:00 0                          [stack:9903]
7ffba1af3000-7ffba1af6000 ---p 00000000 00:00 0 
7ffba1af6000-7ffba1bf4000 rw-p 00000000 00:00 0                          [stack:9902]
7ffba1bf4000-7ffba1bf7000 ---p 00000000 00:00 0 
7ffba1bf7000-7ffba1cf5000 rw-p 00000000 00:00 0                          [stack:9901]
7ffba1cf5000-7ffba1cf8000 ---p 00000000 00:00 0 
7ffba1cf8000-7ffba1df6000 rw-p 00000000 00:00 0                          [stack:9900]
7ffba1df6000-7ffba1df9000 ---p 00000000 00:00 0 
7ffba1df9000-7ffba1ef7000 rw-p 00000000 00:00 0                          [stack:9899]
7ffba1ef7000-7ffba1efa000 ---p 00000000 00:00 0 
7ffba1efa000-7ffba1ff8000 rw-p 00000000 00:00 0                          [stack:9898]
7ffba1ff8000-7ffba1ffb000 ---p 00000000 00:00 0 
7ffba1ffb000-7ffba20f9000 rw-p 00000000 00:00 0                          [stack:9897]
7ffba20f9000-7ffba20fc000 ---p 00000000 00:00 0 
7ffba20fc000-7ffba21fa000 rw-p 00000000 00:00 0                          [stack:9896]
7ffba21fa000-7ffba21fd000 ---p 00000000 00:00 0 
7ffba21fd000-7ffba24fb000 rw-p 00000000 00:00 0                          [stack:9895]
7ffba24fb000-7ffba24fe000 ---p 00000000 00:00 0 
7ffba24fe000-7ffba25fc000 rw-p 00000000 00:00 0                          [stack:9894]
7ffba25fc000-7ffba25ff000 ---p 00000000 00:00 0 
7ffba25ff000-7ffba28fd000 rw-p 00000000 00:00 0                          [stack:9893]
7ffba28fd000-7ffba2afd000 rw-p 00000000 00:00 0 
7ffba2afd000-7ffba4cfd000 rw-p 00000000 00:00 0 
7ffba4d4c000-7ffba4d4d000 rw-p 00000000 00:00 0 
7ffba4d4d000-7ffba4d50000 ---p 00000000 00:00 0 
7ffba4d50000-7ffba504e000 rw-p 00000000 00:00 0                          [stack:9892]
7ffba504e000-7ffba524e000 rw-p 00000000 00:00 0 
7ffba524e000-7ffba544e000 rw-p 00000000 00:00 0 
7ffba544e000-7ffba5451000 ---p 00000000 00:00 0 
7ffba5451000-7ffba554f000 rw-p 00000000 00:00 0                          [stack:9891]
7ffba554f000-7ffba5551000 r--s 00003000 08:04 17041448                   /home/subodh/bin/Sencha/Cmd/6.1.1.76/extensions/sencha-fashion/sencha-fashion.jar
7ffba5551000-7ffba5553000 r--s 00007000 08:04 17173004                   /home/subodh/bin/Sencha/Cmd/6.1.1.76/extensions/sencha-compass/sencha-compass.jar
7ffba5553000-7ffba5556000 r--s 00024000 08:04 16780804                   /home/subodh/bin/Sencha/Cmd/6.1.1.76/extensions/sencha-service/sencha-service.jar
7ffba5556000-7ffba5567000 r-xp 00000000 08:04 28065003                   /usr/lib/jvm/java-8-openjdk-amd64/jre/lib/amd64/libnio.so
7ffba5567000-7ffba5766000 ---p 00011000 08:04 28065003                   /usr/lib/jvm/java-8-openjdk-amd64/jre/lib/amd64/libnio.so
7ffba5766000-7ffba5767000 r--p 00010000 08:04 28065003                   /usr/lib/jvm/java-8-openjdk-amd64/jre/lib/amd64/libnio.so
7ffba5767000-7ffba5768000 rw-p 00011000 08:04 28065003                   /usr/lib/jvm/java-8-openjdk-amd64/jre/lib/amd64/libnio.so
7ffba5768000-7ffba5a69000 rw-p 00000000 00:00 0 
7ffba5a69000-7ffba5a80000 r-xp 00000000 08:04 28064984                   /usr/lib/jvm/java-8-openjdk-amd64/jre/lib/amd64/libnet.so
7ffba5a80000-7ffba5c7f000 ---p 00017000 08:04 28064984                   /usr/lib/jvm/java-8-openjdk-amd64/jre/lib/amd64/libnet.so
7ffba5c7f000-7ffba5c80000 r--p 00016000 08:04 28064984                   /usr/lib/jvm/java-8-openjdk-amd64/jre/lib/amd64/libnet.so
7ffba5c80000-7ffba5c81000 rw-p 00017000 08:04 28064984                   /usr/lib/jvm/java-8-openjdk-amd64/jre/lib/amd64/libnet.so
7ffba5c81000-7ffba5c82000 r-xp 00000000 08:04 13500427                   /tmp/libjansi-64-1.9.so
7ffba5c82000-7ffba5e81000 ---p 00001000 08:04 13500427                   /tmp/libjansi-64-1.9.so
7ffba5e81000-7ffba5e82000 rw-p 00000000 08:04 13500427                   /tmp/libjansi-64-1.9.so
7ffba5e82000-7ffba5e85000 r--s 00015000 08:04 28065047                   /usr/lib/jvm/java-8-openjdk-amd64/jre/lib/jce.jar
7ffba5e85000-7ffba5e8a000 r--s 00094000 08:04 28065013                   /usr/lib/jvm/java-8-openjdk-amd64/jre/lib/jsse.jar
7ffba5e8a000-7ffba5e8d000 ---p 00000000 00:00 0 
7ffba5e8d000-7ffba5f8b000 rw-p 00000000 00:00 0                          [stack:9890]
7ffba5f8b000-7ffba5f95000 r--s 000d0000 08:04 17041116                   /home/subodh/bin/Sencha/Cmd/6.1.1.76/lib/yuicompressor-2.4.7.jar
7ffba5f95000-7ffba5f9d000 r--s 00066000 08:04 17041115                   /home/subodh/bin/Sencha/Cmd/6.1.1.76/lib/velocity-1.7.jar
7ffba5f9d000-7ffba5f9f000 r--s 00001000 08:04 17041114                   /home/subodh/bin/Sencha/Cmd/6.1.1.76/lib/slf4j-jdk14-1.6.6.jar
7ffba5f9f000-7ffba5fa1000 r--s 00005000 08:04 17041113                   /home/subodh/bin/Sencha/Cmd/6.1.1.76/lib/slf4j-api-1.7.2.jar
7ffba5fa1000-7ffba5fa3000 r--s 00005000 08:04 17041112                   /home/subodh/bin/Sencha/Cmd/6.1.1.76/lib/slf4j-api-1.6.6.jar
7ffba5fa3000-7ffba5fb0000 r--s 00109000 08:04 17041111                   /home/subodh/bin/Sencha/Cmd/6.1.1.76/lib/rhino-1.7R4.jar
7ffba5fb0000-7ffba5fb6000 r--s 00068000 08:04 17041110                   /home/subodh/bin/Sencha/Cmd/6.1.1.76/lib/protobuf-java-2.4.1.jar
7ffba5fb6000-7ffba5fbb000 r--s 00054000 08:04 17041109                   /home/subodh/bin/Sencha/Cmd/6.1.1.76/lib/phloc-css-3.4.0.jar
7ffba5fbb000-7ffba5fe1000 r--s 00163000 08:04 17041108                   /home/subodh/bin/Sencha/Cmd/6.1.1.76/lib/phloc-commons-4.0.1.jar
7ffba5fe1000-7ffba5fe3000 r--s 00006000 08:04 17041107                   /home/subodh/bin/Sencha/Cmd/6.1.1.76/lib/jsr305-2.0.1.jar
7ffba5fe3000-7ffba5fe5000 r--s 0000a000 08:04 17041106                   /home/subodh/bin/Sencha/Cmd/6.1.1.76/lib/json-20090211.jar
7ffba5fe5000-7ffba5fe9000 r--s 000dc000 08:04 17041105                   /home/subodh/bin/Sencha/Cmd/6.1.1.76/lib/jna-4.1.0.jar
7ffba5fe9000-7ffba5fec000 r--s 00018000 08:04 17041103                   /home/subodh/bin/Sencha/Cmd/6.1.1.76/lib/jetty-webapp-8.1.7.v20120910.jar
7ffba5fec000-7ffba5ff1000 r--s 00040000 08:04 17041102                   /home/subodh/bin/Sencha/Cmd/6.1.1.76/lib/jetty-util-8.1.7.v20120910.jar
7ffba5ff1000-7ffba5ff3000 r--s 00014000 08:04 17041101                   /home/subodh/bin/Sencha/Cmd/6.1.1.76/lib/jetty-servlets-8.1.7.v20120910.jar
7ffba5ff3000-7ffba5ff5000 r--s 00016000 08:04 17041100                   /home/subodh/bin/Sencha/Cmd/6.1.1.76/lib/jetty-servlet-8.1.7.v20120910.jar
7ffba5ff5000-7ffba5ffb000 r--s 0004d000 08:04 17041099                   /home/subodh/bin/Sencha/Cmd/6.1.1.76/lib/jetty-server-8.1.7.v20120910.jar
7ffba5ffb000-7ffba5ffe000 r--s 00013000 08:04 17041098                   /home/subodh/bin/Sencha/Cmd/6.1.1.76/lib/jetty-security-8.1.7.v20120910.jar
7ffba5ffe000-7ffba6001000 r--s 00017000 08:04 17041097                   /home/subodh/bin/Sencha/Cmd/6.1.1.76/lib/jetty-io-8.1.7.v20120910.jar
7ffba6001000-7ffba6003000 r--s 00015000 08:04 17041096                   /home/subodh/bin/Sencha/Cmd/6.1.1.76/lib/jetty-http-8.1.7.v20120910.jar
7ffba6003000-7ffba6005000 r--s 00004000 08:04 17041095                   /home/subodh/bin/Sencha/Cmd/6.1.1.76/lib/jetty-continuation-8.1.7.v20120910.jar
7ffba6005000-7ffba6007000 r--s 00014000 08:04 17041094                   /home/subodh/bin/Sencha/Cmd/6.1.1.76/lib/jetty-client-8.1.7.v20120910.jar
7ffba6007000-7ffba600a000 r--s 0002e000 08:04 17041093                   /home/subodh/bin/Sencha/Cmd/6.1.1.76/lib/javax.servlet-3.0.0.v201112011016.jar
7ffba600a000-7ffba600d000 r--s 00019000 08:04 17041092                   /home/subodh/bin/Sencha/Cmd/6.1.1.76/lib/jarjar-1.1.jar
7ffba600d000-7ffba600f000 r--s 0001a000 08:04 17041091                   /home/subodh/bin/Sencha/Cmd/6.1.1.76/lib/jansi-1.9.jar
7ffba600f000-7ffba6066000 r--s 008ec000 08:04 17041090                   /home/subodh/bin/Sencha/Cmd/6.1.1.76/lib/icu4j-53.1.jar
7ffba6066000-7ffba6068000 r--s 00008000 08:04 17041089                   /home/subodh/bin/Sencha/Cmd/6.1.1.76/lib/httpmime-4.3.6.jar
7ffba6068000-7ffba606a000 r--s 0001e000 08:04 17041087                   /home/subodh/bin/Sencha/Cmd/6.1.1.76/lib/httpmime-4.3.6-javadoc.jar
7ffba606a000-7ffba6071000 r--s 0003f000 08:04 17041086                   /home/subodh/bin/Sencha/Cmd/6.1.1.76/lib/httpcore-4.3.3.jar
7ffba6071000-7ffba607d000 r--s 00085000 08:04 17041085                   /home/subodh/bin/Sencha/Cmd/6.1.1.76/lib/httpclient-4.3.6.jar
7ffba607d000-7ffba6088000 r--s 00096000 08:04 17041084                   /home/subodh/bin/Sencha/Cmd/6.1.1.76/lib/httpclient-4.3.6-sources.jar
7ffba6088000-7ffba609d000 r--s 001fb000 08:04 17041083                   /home/subodh/bin/Sencha/Cmd/6.1.1.76/lib/httpclient-4.3.6-javadoc.jar
7ffba609d000-7ffba60c6000 r--s 001ee000 08:04 17041082                   /home/subodh/bin/Sencha/Cmd/6.1.1.76/lib/guava-14.0.jar
7ffba60c6000-7ffba60cb000 r--s 0002a000 08:04 17041081                   /home/subodh/bin/Sencha/Cmd/6.1.1.76/lib/gson-2.2.4.jar
7ffba60cb000-7ffba60d6000 r--s 00081000 08:04 17041080                   /home/subodh/bin/Sencha/Cmd/6.1.1.76/lib/doxi.jar
7ffba60d6000-7ffba60d8000 r--s 0000e000 08:04 17041079                   /home/subodh/bin/Sencha/Cmd/6.1.1.76/lib/commons-logging-1.1.3.jar
7ffba60d8000-7ffba60dc000 r--s 0003c000 08:04 17041078                   /home/subodh/bin/Sencha/Cmd/6.1.1.76/lib/commons-lang-2.4.jar
7ffba60dc000-7ffba60e0000 r--s 0002a000 08:04 17041077                   /home/subodh/bin/Sencha/Cmd/6.1.1.76/lib/commons-io-2.4.jar
7ffba60e0000-7ffba60ee000 r--s 0007f000 08:04 17041076                   /home/subodh/bin/Sencha/Cmd/6.1.1.76/lib/commons-collections-3.2.1.jar
7ffba60ee000-7ffba60f4000 r--s 00033000 08:04 17041075                   /home/subodh/bin/Sencha/Cmd/6.1.1.76/lib/commons-codec-1.6.jar
7ffba60f4000-7ffba6126000 r--s 0031c000 08:04 17041074                   /home/subodh/bin/Sencha/Cmd/6.1.1.76/lib/closure-compiler-r2388.jar
7ffba6126000-7ffba612b000 r--s 00032000 08:04 17041071                   /home/subodh/bin/Sencha/Cmd/6.1.1.76/lib/ant-contrib-1.0b3.jar
7ffba612b000-7ffba6149000 r--s 001bd000 08:04 17041070                   /home/subodh/bin/Sencha/Cmd/6.1.1.76/lib/ant-1.8.4.jar
7ffba6149000-7ffba6175000 r--s 004ff000 08:04 13635355                   /home/subodh/bin/Sencha/Cmd/6.1.1.76/sencha.jar
7ffba6175000-7ffba618f000 r--s 000f7000 08:04 15731844                   /home/subodh/bin/Sencha/Cmd/6.1.1.76/.install4j/i4jruntime.jar
7ffba618f000-7ffba61ab000 r--s 00393000 08:04 28065020                   /usr/lib/jvm/java-8-openjdk-amd64/jre/lib/ext/cldrdata.jar
7ffba61ab000-7ffba61c5000 r--s 001d3000 08:04 28065021                   /usr/lib/jvm/java-8-openjdk-amd64/jre/lib/ext/nashorn.jar
7ffba61c5000-7ffba61c6000 ---p 00000000 00:00 0 
7ffba61c6000-7ffba62c6000 rw-p 00000000 00:00 0                          [stack:9889]
7ffba62c6000-7ffba62c9000 ---p 00000000 00:00 0 
7ffba62c9000-7ffba63c7000 rw-p 00000000 00:00 0                          [stack:9888]
7ffba63c7000-7ffba63ca000 ---p 00000000 00:00 0 
7ffba63ca000-7ffba64c8000 rw-p 00000000 00:00 0                          [stack:9887]
7ffba64c8000-7ffba64cb000 ---p 00000000 00:00 0 
7ffba64cb000-7ffba65c9000 rw-p 00000000 00:00 0                          [stack:9886]
7ffba65c9000-7ffba65cc000 ---p 00000000 00:00 0 
7ffba65cc000-7ffba66ca000 rw-p 00000000 00:00 0                          [stack:9885]
7ffba66ca000-7ffba66cd000 ---p 00000000 00:00 0 
7ffba66cd000-7ffba67cb000 rw-p 00000000 00:00 0                          [stack:9884]
7ffba67cb000-7ffba6ead000 r--p 00000000 08:04 26483673                   /usr/lib/locale/locale-archive
7ffba6ead000-7ffba6eb0000 ---p 00000000 00:00 0 
7ffba6eb0000-7ffba6fae000 rw-p 00000000 00:00 0                          [stack:9883]
7ffba6fae000-7ffba6fb1000 ---p 00000000 00:00 0 
7ffba6fb1000-7ffba70af000 rw-p 00000000 00:00 0                          [stack:9882]
7ffba70af000-7ffba70b0000 ---p 00000000 00:00 0 
7ffba70b0000-7ffba8000000 rw-p 00000000 00:00 0                          [stack:9881]
7ffba8000000-7ffba8021000 rw-p 00000000 00:00 0 
7ffba8021000-7ffbac000000 ---p 00000000 00:00 0 
7ffbac000000-7ffbac001000 r--s 00009000 08:04 17041104                   /home/subodh/bin/Sencha/Cmd/6.1.1.76/lib/jetty-xml-8.1.7.v20120910.jar
7ffbac001000-7ffbac003000 r--s 0000c000 08:04 17041073                   /home/subodh/bin/Sencha/Cmd/6.1.1.76/lib/args4j-2.0.16.jar
7ffbac003000-7ffbac00e000 r--s 00116000 08:04 28065023                   /usr/lib/jvm/java-8-openjdk-amd64/jre/lib/ext/localedata.jar
7ffbac00e000-7ffbac130000 rw-p 00000000 00:00 0 
7ffbac130000-7ffbac2fd000 r--s 03bd3000 08:04 28065046                   /usr/lib/jvm/java-8-openjdk-amd64/jre/lib/rt.jar
7ffbac2fd000-7ffbaccfd000 rw-p 00000000 00:00 0 
7ffbaccfd000-7ffbaccfe000 ---p 00000000 00:00 0 
7ffbaccfe000-7ffbacdfe000 rw-p 00000000 00:00 0                          [stack:9880]
7ffbacdfe000-7ffbacdff000 ---p 00000000 00:00 0 
7ffbacdff000-7ffbaceff000 rw-p 00000000 00:00 0                          [stack:9879]
7ffbaceff000-7ffbacf00000 ---p 00000000 00:00 0 
7ffbacf00000-7ffbad000000 rw-p 00000000 00:00 0                          [stack:9878]
7ffbad000000-7ffbadee0000 rwxp 00000000 00:00 0 
7ffbadee0000-7ffbbc000000 ---p 00000000 00:00 0 
7ffbbc000000-7ffbbc99f000 rw-p 00000000 00:00 0 
7ffbbc99f000-7ffbc0000000 ---p 00000000 00:00 0 
7ffbc0000000-7ffbc0001000 r--s 00008000 08:04 17041088                   /home/subodh/bin/Sencha/Cmd/6.1.1.76/lib/httpmime-4.3.6-sources.jar
7ffbc0001000-7ffbc0002000 r--s 00004000 08:04 17041072                   /home/subodh/bin/Sencha/Cmd/6.1.1.76/lib/ant-launcher-1.8.4.jar
7ffbc0002000-7ffbc0005000 r--s 00037000 08:04 28065028                   /usr/lib/jvm/java-8-openjdk-amd64/jre/lib/ext/sunpkcs11.jar
7ffbc0005000-7ffbc000b000 r--s 0003a000 08:04 28065025                   /usr/lib/jvm/java-8-openjdk-amd64/jre/lib/ext/sunjce_provider.jar
7ffbc000b000-7ffbc00c3000 rw-p 00000000 00:00 0 
7ffbc00c3000-7ffbc00c4000 ---p 00000000 00:00 0 
7ffbc00c4000-7ffbc01ef000 rw-p 00000000 00:00 0                          [stack:9877]
7ffbc01ef000-7ffbc031a000 ---p 00000000 00:00 0 
7ffbc031a000-7ffbc0345000 rw-p 00000000 00:00 0 
7ffbc0345000-7ffbc046f000 ---p 00000000 00:00 0 
7ffbc046f000-7ffbc04d3000 rw-p 00000000 00:00 0 
7ffbc04d3000-7ffbc051a000 ---p 00000000 00:00 0 
7ffbc051a000-7ffbc0557000 rw-p 00000000 00:00 0 
7ffbc0557000-7ffbc08db000 ---p 00000000 00:00 0 
7ffbc08db000-7ffbc08e3000 r-xp 00000000 08:04 28064977                   /usr/lib/jvm/java-8-openjdk-amd64/jre/lib/amd64/libzip.so
7ffbc08e3000-7ffbc0ae2000 ---p 00008000 08:04 28064977                   /usr/lib/jvm/java-8-openjdk-amd64/jre/lib/amd64/libzip.so
7ffbc0ae2000-7ffbc0ae3000 r--p 00007000 08:04 28064977                   /usr/lib/jvm/java-8-openjdk-amd64/jre/lib/amd64/libzip.so
7ffbc0ae3000-7ffbc0ae4000 rw-p 00008000 08:04 28064977                   /usr/lib/jvm/java-8-openjdk-amd64/jre/lib/amd64/libzip.so
7ffbc0ae4000-7ffbc0af0000 r-xp 00000000 08:04 18485463                   /lib/x86_64-linux-gnu/libnss_files-2.21.so
7ffbc0af0000-7ffbc0cef000 ---p 0000c000 08:04 18485463                   /lib/x86_64-linux-gnu/libnss_files-2.21.so
7ffbc0cef000-7ffbc0cf0000 r--p 0000b000 08:04 18485463                   /lib/x86_64-linux-gnu/libnss_files-2.21.so
7ffbc0cf0000-7ffbc0cf1000 rw-p 0000c000 08:04 18485463                   /lib/x86_64-linux-gnu/libnss_files-2.21.so
7ffbc0cf1000-7ffbc0cfc000 r-xp 00000000 08:04 18485473                   /lib/x86_64-linux-gnu/libnss_nis-2.21.so
7ffbc0cfc000-7ffbc0efb000 ---p 0000b000 08:04 18485473                   /lib/x86_64-linux-gnu/libnss_nis-2.21.so
7ffbc0efb000-7ffbc0efc000 r--p 0000a000 08:04 18485473                   /lib/x86_64-linux-gnu/libnss_nis-2.21.so
7ffbc0efc000-7ffbc0efd000 rw-p 0000b000 08:04 18485473                   /lib/x86_64-linux-gnu/libnss_nis-2.21.so
7ffbc0efd000-7ffbc0f14000 r-xp 00000000 08:04 18485457                   /lib/x86_64-linux-gnu/libnsl-2.21.so
7ffbc0f14000-7ffbc1113000 ---p 00017000 08:04 18485457                   /lib/x86_64-linux-gnu/libnsl-2.21.so
7ffbc1113000-7ffbc1114000 r--p 00016000 08:04 18485457                   /lib/x86_64-linux-gnu/libnsl-2.21.so
7ffbc1114000-7ffbc1115000 rw-p 00017000 08:04 18485457                   /lib/x86_64-linux-gnu/libnsl-2.21.so
7ffbc1115000-7ffbc1117000 rw-p 00000000 00:00 0 
7ffbc1117000-7ffbc111f000 r-xp 00000000 08:04 18485459                   /lib/x86_64-linux-gnu/libnss_compat-2.21.so
7ffbc111f000-7ffbc131e000 ---p 00008000 08:04 18485459                   /lib/x86_64-linux-gnu/libnss_compat-2.21.so
7ffbc131e000-7ffbc131f000 r--p 00007000 08:04 18485459                   /lib/x86_64-linux-gnu/libnss_compat-2.21.so
7ffbc131f000-7ffbc1320000 rw-p 00008000 08:04 18485459                   /lib/x86_64-linux-gnu/libnss_compat-2.21.so
7ffbc1320000-7ffbc134e000 r-xp 00000000 08:04 28064974                   /usr/lib/jvm/java-8-openjdk-amd64/jre/lib/amd64/libjava.so
7ffbc134e000-7ffbc154d000 ---p 0002e000 08:04 28064974                   /usr/lib/jvm/java-8-openjdk-amd64/jre/lib/amd64/libjava.so
7ffbc154d000-7ffbc154e000 r--p 0002d000 08:04 28064974                   /usr/lib/jvm/java-8-openjdk-amd64/jre/lib/amd64/libjava.so
7ffbc154e000-7ffbc1550000 rw-p 0002e000 08:04 28064974                   /usr/lib/jvm/java-8-openjdk-amd64/jre/lib/amd64/libjava.so
7ffbc1550000-7ffbc155f000 r-xp 00000000 08:04 28064989                   /usr/lib/jvm/java-8-openjdk-amd64/jre/lib/amd64/libverify.so
7ffbc155f000-7ffbc175f000 ---p 0000f000 08:04 28064989                   /usr/lib/jvm/java-8-openjdk-amd64/jre/lib/amd64/libverify.so
7ffbc175f000-7ffbc1762000 r--p 0000f000 08:04 28064989                   /usr/lib/jvm/java-8-openjdk-amd64/jre/lib/amd64/libverify.so
7ffbc1762000-7ffbc1763000 rw-p 00012000 08:04 28064989                   /usr/lib/jvm/java-8-openjdk-amd64/jre/lib/amd64/libverify.so
7ffbc1763000-7ffbc176a000 r-xp 00000000 08:04 18485518                   /lib/x86_64-linux-gnu/librt-2.21.so
7ffbc176a000-7ffbc1969000 ---p 00007000 08:04 18485518                   /lib/x86_64-linux-gnu/librt-2.21.so
7ffbc1969000-7ffbc196a000 r--p 00006000 08:04 18485518                   /lib/x86_64-linux-gnu/librt-2.21.so
7ffbc196a000-7ffbc196b000 rw-p 00007000 08:04 18485518                   /lib/x86_64-linux-gnu/librt-2.21.so
7ffbc196b000-7ffbc1981000 r-xp 00000000 08:04 18481946                   /lib/x86_64-linux-gnu/libgcc_s.so.1
7ffbc1981000-7ffbc1b80000 ---p 00016000 08:04 18481946                   /lib/x86_64-linux-gnu/libgcc_s.so.1
7ffbc1b80000-7ffbc1b81000 rw-p 00015000 08:04 18481946                   /lib/x86_64-linux-gnu/libgcc_s.so.1
7ffbc1b81000-7ffbc1c88000 r-xp 00000000 08:04 18485436                   /lib/x86_64-linux-gnu/libm-2.21.so
7ffbc1c88000-7ffbc1e87000 ---p 00107000 08:04 18485436                   /lib/x86_64-linux-gnu/libm-2.21.so
7ffbc1e87000-7ffbc1e88000 r--p 00106000 08:04 18485436                   /lib/x86_64-linux-gnu/libm-2.21.so
7ffbc1e88000-7ffbc1e89000 rw-p 00107000 08:04 18485436                   /lib/x86_64-linux-gnu/libm-2.21.so
7ffbc1e89000-7ffbc1f79000 r-xp 00000000 08:04 26485600                   /usr/lib/x86_64-linux-gnu/libstdc++.so.6.0.20
7ffbc1f79000-7ffbc2179000 ---p 000f0000 08:04 26485600                   /usr/lib/x86_64-linux-gnu/libstdc++.so.6.0.20
7ffbc2179000-7ffbc2181000 r--p 000f0000 08:04 26485600                   /usr/lib/x86_64-linux-gnu/libstdc++.so.6.0.20
7ffbc2181000-7ffbc2183000 rw-p 000f8000 08:04 26485600                   /usr/lib/x86_64-linux-gnu/libstdc++.so.6.0.20
7ffbc2183000-7ffbc2198000 rw-p 00000000 00:00 0 
7ffbc2198000-7ffbc2e25000 r-xp 00000000 08:04 28065001                   /usr/lib/jvm/java-8-openjdk-amd64/jre/lib/amd64/server/libjvm.so
7ffbc2e25000-7ffbc3025000 ---p 00c8d000 08:04 28065001                   /usr/lib/jvm/java-8-openjdk-amd64/jre/lib/amd64/server/libjvm.so
7ffbc3025000-7ffbc30c8000 r--p 00c8d000 08:04 28065001                   /usr/lib/jvm/java-8-openjdk-amd64/jre/lib/amd64/server/libjvm.so
7ffbc30c8000-7ffbc30f1000 rw-p 00d30000 08:04 28065001                   /usr/lib/jvm/java-8-openjdk-amd64/jre/lib/amd64/server/libjvm.so
7ffbc30f1000-7ffbc3120000 rw-p 00000000 00:00 0 
7ffbc3120000-7ffbc3138000 r-xp 00000000 08:04 18485510                   /lib/x86_64-linux-gnu/libpthread-2.21.so
7ffbc3138000-7ffbc3338000 ---p 00018000 08:04 18485510                   /lib/x86_64-linux-gnu/libpthread-2.21.so
7ffbc3338000-7ffbc3339000 r--p 00018000 08:04 18485510                   /lib/x86_64-linux-gnu/libpthread-2.21.so
7ffbc3339000-7ffbc333a000 rw-p 00019000 08:04 18485510                   /lib/x86_64-linux-gnu/libpthread-2.21.so
7ffbc333a000-7ffbc333e000 rw-p 00000000 00:00 0 
7ffbc333e000-7ffbc3341000 r-xp 00000000 08:04 18485394                   /lib/x86_64-linux-gnu/libdl-2.21.so
7ffbc3341000-7ffbc3540000 ---p 00003000 08:04 18485394                   /lib/x86_64-linux-gnu/libdl-2.21.so
7ffbc3540000-7ffbc3541000 r--p 00002000 08:04 18485394                   /lib/x86_64-linux-gnu/libdl-2.21.so
7ffbc3541000-7ffbc3542000 rw-p 00003000 08:04 18485394                   /lib/x86_64-linux-gnu/libdl-2.21.so
7ffbc3542000-7ffbc355b000 r-xp 00000000 08:04 18485551                   /lib/x86_64-linux-gnu/libz.so.1.2.8
7ffbc355b000-7ffbc375b000 ---p 00019000 08:04 18485551                   /lib/x86_64-linux-gnu/libz.so.1.2.8
7ffbc375b000-7ffbc375c000 r--p 00019000 08:04 18485551                   /lib/x86_64-linux-gnu/libz.so.1.2.8
7ffbc375c000-7ffbc375d000 rw-p 0001a000 08:04 18485551                   /lib/x86_64-linux-gnu/libz.so.1.2.8
7ffbc375d000-7ffbc391d000 r-xp 00000000 08:04 18485377                   /lib/x86_64-linux-gnu/libc-2.21.so
7ffbc391d000-7ffbc3b1d000 ---p 001c0000 08:04 18485377                   /lib/x86_64-linux-gnu/libc-2.21.so
7ffbc3b1d000-7ffbc3b21000 r--p 001c0000 08:04 18485377                   /lib/x86_64-linux-gnu/libc-2.21.so
7ffbc3b21000-7ffbc3b23000 rw-p 001c4000 08:04 18485377                   /lib/x86_64-linux-gnu/libc-2.21.so
7ffbc3b23000-7ffbc3b27000 rw-p 00000000 00:00 0 
7ffbc3b27000-7ffbc3b35000 r-xp 00000000 08:04 28065008                   /usr/lib/jvm/java-8-openjdk-amd64/jre/lib/amd64/jli/libjli.so
7ffbc3b35000-7ffbc3d34000 ---p 0000e000 08:04 28065008                   /usr/lib/jvm/java-8-openjdk-amd64/jre/lib/amd64/jli/libjli.so
7ffbc3d34000-7ffbc3d35000 r--p 0000d000 08:04 28065008                   /usr/lib/jvm/java-8-openjdk-amd64/jre/lib/amd64/jli/libjli.so
7ffbc3d35000-7ffbc3d36000 rw-p 0000e000 08:04 28065008                   /usr/lib/jvm/java-8-openjdk-amd64/jre/lib/amd64/jli/libjli.so
7ffbc3d36000-7ffbc3d5a000 r-xp 00000000 08:04 18485349                   /lib/x86_64-linux-gnu/ld-2.21.so
7ffbc3d5a000-7ffbc3d5c000 r--s 00006000 08:04 27011088                   /usr/share/java/java-atk-wrapper.jar
7ffbc3d5c000-7ffbc3d5f000 r--s 0000f000 08:04 28065027                   /usr/lib/jvm/java-8-openjdk-amd64/jre/lib/ext/icedtea-sound.jar
7ffbc3d5f000-7ffbc3d61000 r--s 00001000 08:04 28065026                   /usr/lib/jvm/java-8-openjdk-amd64/jre/lib/ext/dnsns.jar
7ffbc3d61000-7ffbc3e31000 rw-p 00000000 00:00 0 
7ffbc3e31000-7ffbc3e34000 ---p 00000000 00:00 0 
7ffbc3e34000-7ffbc3f37000 rw-p 00000000 00:00 0                          [stack:9876]
7ffbc3f37000-7ffbc3f38000 r--s 00010000 08:04 28065024                   /usr/lib/jvm/java-8-openjdk-amd64/jre/lib/ext/zipfs.jar
7ffbc3f38000-7ffbc3f39000 r--s 00008000 08:04 28065022                   /usr/lib/jvm/java-8-openjdk-amd64/jre/lib/ext/sunec.jar
7ffbc3f39000-7ffbc3f4d000 rw-p 00000000 00:00 0 
7ffbc3f4d000-7ffbc3f55000 rw-s 00000000 08:04 16780876                   /tmp/hsperfdata_subodh/9875
7ffbc3f55000-7ffbc3f56000 rw-p 00000000 00:00 0 
7ffbc3f56000-7ffbc3f57000 ---p 00000000 00:00 0 
7ffbc3f57000-7ffbc3f59000 rw-p 00000000 00:00 0 
7ffbc3f59000-7ffbc3f5a000 r--p 00023000 08:04 18485349                   /lib/x86_64-linux-gnu/ld-2.21.so
7ffbc3f5a000-7ffbc3f5b000 rw-p 00024000 08:04 18485349                   /lib/x86_64-linux-gnu/ld-2.21.so
7ffbc3f5b000-7ffbc3f5c000 rw-p 00000000 00:00 0 
7ffc92053000-7ffc92075000 rw-p 00000000 00:00 0                          [stack]
7ffc92082000-7ffc92084000 r--p 00000000 00:00 0                          [vvar]
7ffc92084000-7ffc92086000 r-xp 00000000 00:00 0                          [vdso]
ffffffffff600000-ffffffffff601000 r-xp 00000000 00:00 0                  [vsyscall]

VM Arguments:
jvm_args: -Dinstall4j.jvmDir=/usr/lib/jvm/java-8-openjdk-amd64/jre -Dexe4j.moduleName=/home/subodh/bin/Sencha/Cmd/6.1.1.76/sencha -Dinstall4j.launcherId=159 -Dinstall4j.swt=false -Di4jv=0 -Di4jv=0 -Di4jv=0 -Di4jv=0 -Di4jv=0 -Xms128m -Xmx1024m -Dapple.awt.UIElement=true -Di4j.vpt=true 
java_command: com.install4j.runtime.launcher.UnixLauncher launch 6b5f63d9   com.sencha.command.Sencha ant sass
java_class_path (initial): /home/subodh/bin/Sencha/Cmd/6.1.1.76/.install4j/i4jruntime.jar:/home/subodh/bin/Sencha/Cmd/6.1.1.76/sencha.jar
Launcher Type: SUN_STANDARD

Environment Variables:
PATH=/home/subodh/bin/Sencha/Cmd/6.1.1.76/..:/home/subodh/.rvm/gems/ruby-2.2-head/bin:/home/subodh/.rvm/gems/ruby-2.2-head@global/bin:/home/subodh/.rvm/rubies/ruby-2.2-head/bin:/home/subodh/bin:/usr/local/sbin:/usr/local/bin:/usr/sbin:/usr/bin:/sbin:/bin:/usr/games:/usr/local/games:/home/subodh/.rvm/bin:/home/subodh/.rvm/bin:/usr/local/android-sdk-linux/:/usr/local/android-sdk-linux/tools:/usr/local/android-sdk-linux/platform-tools:/usr/local/android-sdk-linux/build-tools:/home/subodh/bin/Sencha/Cmd/6.1.1.76/
SHELL=/bin/bash
DISPLAY=:0

Signal Handlers:
SIGSEGV: [libjvm.so+0xa90d80], sa_mask[0]=11111111011111111101111111111110, sa_flags=SA_RESTART|SA_SIGINFO
SIGBUS: [libjvm.so+0xa90d80], sa_mask[0]=11111111011111111101111111111110, sa_flags=SA_RESTART|SA_SIGINFO
SIGFPE: [libjvm.so+0x8dbc70], sa_mask[0]=11111111011111111101111111111110, sa_flags=SA_RESTART|SA_SIGINFO
SIGPIPE: [libjvm.so+0x8dbc70], sa_mask[0]=11111111011111111101111111111110, sa_flags=SA_RESTART|SA_SIGINFO
SIGXFSZ: [libjvm.so+0x8dbc70], sa_mask[0]=11111111011111111101111111111110, sa_flags=SA_RESTART|SA_SIGINFO
SIGILL: [libjvm.so+0x8dbc70], sa_mask[0]=11111111011111111101111111111110, sa_flags=SA_RESTART|SA_SIGINFO
SIGUSR1: SIG_DFL, sa_mask[0]=00000000000000000000000000000000, sa_flags=none
SIGUSR2: [libjvm.so+0x8dbb20], sa_mask[0]=00000000000000000000000000000000, sa_flags=SA_RESTART|SA_SIGINFO
SIGHUP: [libjvm.so+0x8dbd40], sa_mask[0]=11111111011111111101111111111110, sa_flags=SA_RESTART|SA_SIGINFO
SIGINT: [libjvm.so+0x8dbd40], sa_mask[0]=11111111011111111101111111111110, sa_flags=SA_RESTART|SA_SIGINFO
SIGTERM: [libjvm.so+0x8dbd40], sa_mask[0]=11111111011111111101111111111110, sa_flags=SA_RESTART|SA_SIGINFO
SIGQUIT: [libjvm.so+0x8dbd40], sa_mask[0]=11111111011111111101111111111110, sa_flags=SA_RESTART|SA_SIGINFO


---------------  S Y S T E M  ---------------

OS:DISTRIB_ID=Ubuntu
DISTRIB_RELEASE=15.04
DISTRIB_CODENAME=vivid
DISTRIB_DESCRIPTION="Ubuntu 15.04"

uname:Linux 3.19.0-49-generic #55-Ubuntu SMP Fri Jan 22 02:10:24 UTC 2016 x86_64
libc:glibc 2.21 NPTL 2.21 
rlimit: STACK 8192k, CORE 0k, NPROC 15339, NOFILE 65536, AS infinity
load average:1.95 0.80 0.60

/proc/meminfo:
MemTotal:        3949144 kB
MemFree:          114760 kB
MemAvailable:      85364 kB
Buffers:            1048 kB
Cached:           457532 kB
SwapCached:            0 kB
Active:          3278312 kB
Inactive:         382400 kB
Active(anon):    3246736 kB
Inactive(anon):   345812 kB
Active(file):      31576 kB
Inactive(file):    36588 kB
Unevictable:          72 kB
Mlocked:              72 kB
SwapTotal:             0 kB
SwapFree:              0 kB
Dirty:               148 kB
Writeback:             0 kB
AnonPages:       3202644 kB
Mapped:           175896 kB
Shmem:            390144 kB
Slab:              76096 kB
SReclaimable:      41980 kB
SUnreclaim:        34116 kB
KernelStack:        9248 kB
PageTables:        41548 kB
NFS_Unstable:          0 kB
Bounce:                0 kB
WritebackTmp:          0 kB
CommitLimit:     1974572 kB
Committed_AS:   10310712 kB
VmallocTotal:   34359738367 kB
VmallocUsed:      369848 kB
VmallocChunk:   34359307760 kB
HardwareCorrupted:     0 kB
AnonHugePages:    847872 kB
CmaTotal:              0 kB
CmaFree:               0 kB
HugePages_Total:       0
HugePages_Free:        0
HugePages_Rsvd:        0
HugePages_Surp:        0
Hugepagesize:       2048 kB
DirectMap4k:      160108 kB
DirectMap2M:     3936256 kB
DirectMap1G:           0 kB


CPU:total 4 (2 cores per cpu, 2 threads per core) family 6 model 69 stepping 1, cmov, cx8, fxsr, mmx, sse, sse2, sse3, ssse3, sse4.1, sse4.2, popcnt, avx, avx2, aes, clmul, erms, lzcnt, ht, tsc, tscinvbit, bmi1, bmi2

/proc/cpuinfo:
processor	: 0
vendor_id	: GenuineIntel
cpu family	: 6
model		: 69
model name	: Intel(R) Core(TM) i5-4210U CPU @ 1.70GHz
stepping	: 1
microcode	: 0x1c
cpu MHz		: 2453.046
cache size	: 3072 KB
physical id	: 0
siblings	: 4
core id		: 0
cpu cores	: 2
apicid		: 0
initial apicid	: 0
fpu		: yes
fpu_exception	: yes
cpuid level	: 13
wp		: yes
flags		: fpu vme de pse tsc msr pae mce cx8 apic sep mtrr pge mca cmov pat pse36 clflush dts acpi mmx fxsr sse sse2 ss ht tm pbe syscall nx pdpe1gb rdtscp lm constant_tsc arch_perfmon pebs bts rep_good nopl xtopology nonstop_tsc aperfmperf eagerfpu pni pclmulqdq dtes64 monitor ds_cpl vmx est tm2 ssse3 fma cx16 xtpr pdcm pcid sse4_1 sse4_2 movbe popcnt tsc_deadline_timer aes xsave avx f16c rdrand lahf_lm abm ida arat epb pln pts dtherm tpr_shadow vnmi flexpriority ept vpid fsgsbase tsc_adjust bmi1 avx2 smep bmi2 erms invpcid xsaveopt
bugs		:
bogomips	: 3392.15
clflush size	: 64
cache_alignment	: 64
address sizes	: 39 bits physical, 48 bits virtual
power management:

processor	: 1
vendor_id	: GenuineIntel
cpu family	: 6
model		: 69
model name	: Intel(R) Core(TM) i5-4210U CPU @ 1.70GHz
stepping	: 1
microcode	: 0x1c
cpu MHz		: 2443.683
cache size	: 3072 KB
physical id	: 0
siblings	: 4
core id		: 1
cpu cores	: 2
apicid		: 2
initial apicid	: 2
fpu		: yes
fpu_exception	: yes
cpuid level	: 13
wp		: yes
flags		: fpu vme de pse tsc msr pae mce cx8 apic sep mtrr pge mca cmov pat pse36 clflush dts acpi mmx fxsr sse sse2 ss ht tm pbe syscall nx pdpe1gb rdtscp lm constant_tsc arch_perfmon pebs bts rep_good nopl xtopology nonstop_tsc aperfmperf eagerfpu pni pclmulqdq dtes64 monitor ds_cpl vmx est tm2 ssse3 fma cx16 xtpr pdcm pcid sse4_1 sse4_2 movbe popcnt tsc_deadline_timer aes xsave avx f16c rdrand lahf_lm abm ida arat epb pln pts dtherm tpr_shadow vnmi flexpriority ept vpid fsgsbase tsc_adjust bmi1 avx2 smep bmi2 erms invpcid xsaveopt
bugs		:
bogomips	: 3392.15
clflush size	: 64
cache_alignment	: 64
address sizes	: 39 bits physical, 48 bits virtual
power management:

processor	: 2
vendor_id	: GenuineIntel
cpu family	: 6
model		: 69
model name	: Intel(R) Core(TM) i5-4210U CPU @ 1.70GHz
stepping	: 1
microcode	: 0x1c
cpu MHz		: 2490.167
cache size	: 3072 KB
physical id	: 0
siblings	: 4
core id		: 0
cpu cores	: 2
apicid		: 1
initial apicid	: 1
fpu		: yes
fpu_exception	: yes
cpuid level	: 13
wp		: yes
flags		: fpu vme de pse tsc msr pae mce cx8 apic sep mtrr pge mca cmov pat pse36 clflush dts acpi mmx fxsr sse sse2 ss ht tm pbe syscall nx pdpe1gb rdtscp lm constant_tsc arch_perfmon pebs bts rep_good nopl xtopology nonstop_tsc aperfmperf eagerfpu pni pclmulqdq dtes64 monitor ds_cpl vmx est tm2 ssse3 fma cx16 xtpr pdcm pcid sse4_1 sse4_2 movbe popcnt tsc_deadline_timer aes xsave avx f16c rdrand lahf_lm abm ida arat epb pln pts dtherm tpr_shadow vnmi flexpriority ept vpid fsgsbase tsc_adjust bmi1 avx2 smep bmi2 erms invpcid xsaveopt
bugs		:
bogomips	: 3392.15
clflush size	: 64
cache_alignment	: 64
address sizes	: 39 bits physical, 48 bits virtual
power management:

processor	: 3
vendor_id	: GenuineIntel
cpu family	: 6
model		: 69
model name	: Intel(R) Core(TM) i5-4210U CPU @ 1.70GHz
stepping	: 1
microcode	: 0x1c
cpu MHz		: 2407.160
cache size	: 3072 KB
physical id	: 0
siblings	: 4
core id		: 1
cpu cores	: 2
apicid		: 3
initial apicid	: 3
fpu		: yes
fpu_exception	: yes
cpuid level	: 13
wp		: yes
flags		: fpu vme de pse tsc msr pae mce cx8 apic sep mtrr pge mca cmov pat pse36 clflush dts acpi mmx fxsr sse sse2 ss ht tm pbe syscall nx pdpe1gb rdtscp lm constant_tsc arch_perfmon pebs bts rep_good nopl xtopology nonstop_tsc aperfmperf eagerfpu pni pclmulqdq dtes64 monitor ds_cpl vmx est tm2 ssse3 fma cx16 xtpr pdcm pcid sse4_1 sse4_2 movbe popcnt tsc_deadline_timer aes xsave avx f16c rdrand lahf_lm abm ida arat epb pln pts dtherm tpr_shadow vnmi flexpriority ept vpid fsgsbase tsc_adjust bmi1 avx2 smep bmi2 erms invpcid xsaveopt
bugs		:
bogomips	: 3392.15
clflush size	: 64
cache_alignment	: 64
address sizes	: 39 bits physical, 48 bits virtual
power management:



Memory: 4k page, physical 3949144k(114760k free), swap 0k(0k free)

vm_info: OpenJDK 64-Bit Server VM (25.45-b02) for linux-amd64 JRE (1.8.0_45-internal-b14), built on Apr 20 2015 00:35:04 by "buildd" with gcc 4.9.2

time: Sun Apr 10 11:24:08 2016
elapsed time: 24 seconds (0d 0h 0m 24s)

