Sencha Cmd 6.1.1.76 - Crash report
================================================
An error occurred while executing the following command: build package

Diagnostic information:
=======================
                         app.archivePath : archive                                           
                      app.bootstrap.base : /home/subodh/apps/poise-app                       
                           app.build.dir : /home/subodh/apps/poise-app/build/Poise           
                        app.cache.deltas : deltas                                            
                        app.cache.enable : true                                              
                           app.classpath : /home/subodh/apps/poise-app/app.js,/home/subodh/apps/poise-app/app
                         app.cmd.version : 6.1.1.76                                          
                          app.config.dir : /home/subodh/apps/poise-app/.sencha/app           
                   app.cordova.config.id : com.domain.Poise                                  
                 app.cordova.config.name : Poise                                             
                 app.cordova.config.path : /home/subodh/apps/poise-app/cordova               
               app.cordova.config.target :                                                   
              app.cordova.config.verbose : false                                             
                   app.cordova.js.0.path : cordova.js                                        
               app.cordova.js.0.priority : 1000                                              
                 app.cordova.js.0.remote : true                                              
                   app.cordova.js.length : 1                                                 
                 app.cordova.microloader : /home/subodh/apps/poise-app/.sencha/app/microloader/testing.js
                 app.cordova.output.base : /home/subodh/apps/poise-app/cordova/www           
         app.cordova.output.cache.enable : false                                             
        app.cordova.output.deltas.enable : false                                             
       app.cordova.output.manifest.embed : true                                              
                                 app.dir : /home/subodh/apps/poise-app                       
                           app.framework : touch                                             
                   app.framework.version : 2.4.2.571                                         
                                  app.id : 7bf4f520-b083-486b-a196-9cfbf33cc6d2              
                       app.indexHtmlPath : index.html                                        
                                app.name : Poise                                             
                         app.output.base : /home/subodh/apps/poise-app/build/${build.environment}/Poise
           app.output.microloader.enable : true                                              
                  app.phonegap.config.id : com.domain.Poise                                  
                app.phonegap.config.name : Poise                                             
                app.phonegap.config.path : /home/subodh/apps/poise-app/phonegap              
              app.phonegap.config.remote : false                                             
             app.phonegap.config.verbose : false                                             
                  app.phonegap.js.0.path : phonegap.js                                       
              app.phonegap.js.0.priority : 1000                                              
                app.phonegap.js.0.remote : true                                              
                  app.phonegap.js.length : 1                                                 
                app.phonegap.microloader : /home/subodh/apps/poise-app/.sencha/app/microloader/testing.js
                app.phonegap.output.base : /home/subodh/apps/poise-app/phonegap/www          
        app.phonegap.output.cache.enable : false                                             
       app.phonegap.output.deltas.enable : false                                             
      app.phonegap.output.manifest.embed : true                                              
                      app.requires.names :                                                   
                   app.requires.packages :                                                   
                      app.resource.paths :                                                   
        app.slicer.js.0.isWidgetManifest : true                                              
                    app.slicer.js.0.path : /home/subodh/apps/poise-app/sass/example/custom.js
                    app.slicer.js.length : 1                                                 
                    buildenvironment.dir : /home/subodh/apps/poise-app                       
               buildenvironment.load.dir : /home/subodh/apps/poise-app                       
                          cmd.config.dir : /home/subodh/bin/Sencha/Cmd/6.1.1.76              
                                 cmd.dir : /home/subodh/bin/Sencha/Cmd/6.1.1.76              
                    cmd.framework.minver : 2.2.0                                             
                   cmd.framework.version : 2.99.99.99999                                     
                            cmd.jvm.args : -Xms128m -Xmx1024m -Dapple.awt.UIElement=true     
              cmd.merge.tool.args.araxis : -wait -merge -3 -a1 {base} {user} {generated} {out}
              cmd.merge.tool.args.kdiff3 : {base} {user} {generated} -o {out}                
             cmd.merge.tool.args.p4merge : {base} {user} {generated} {out}                   
           cmd.merge.tool.args.smartsync : {user} {generated} {base}                         
          cmd.merge.tool.args.sourcegear : --merge --result={out} {user} {base} {generated}  
            cmd.merge.tool.args.tortoise : -base:{base} -theirs:{generated} -mine:{user} -merged:{out}
                              cmd.minver : 3.0.0.0                                           
                            cmd.platform : linux-x64                                         
                         cmd.server.port : 1841                                              
                     cmd.unicode.escapes : /home/subodh/bin/Sencha/Cmd/6.1.1.76/unicode-escapes.json
                             cmd.version : 6.1.1.76                                          
                            cmd.web.port : 1841                                              
                     config.skipDownload : true                                              
                      config.skipInherit : false                                             
                     framework.classpath : /home/subodh/apps/poise-app/touch/src             
                    framework.cmd.minver : 3.1.0.53                                          
                   framework.cmd.version : 4.0.5.87                                          
                    framework.config.dir : /home/subodh/bin/Sencha/Cmd/6.1.1.76/plugins/touch/2.3
                           framework.dir : /home/subodh/apps/poise-app/touch                 
                       framework.ignores : src/locale,src/platform,auth2/Auth.js,scroller/Infinite.js
                          framework.name : touch                                             
                  framework.packages.dir : /home/subodh/apps/poise-app/touch/packages        
             framework.preprocessor.opts : charts:no                                         
                       framework.version : 2.4.2.571                                         
                       inspector.address : http://localhost:1839/                            
                          repo.local.dir : /home/subodh/bin/Sencha/Cmd/repo                  
        system.java.net.useSystemProxies : true                                              
                     workspace.build.dir : /home/subodh/apps/poise-app/build                 
                    workspace.config.dir : /home/subodh/apps/poise-app/.sencha/workspace     
                           workspace.dir : /home/subodh/apps/poise-app                       
         workspace.frameworks.touch.path : /home/subodh/apps/poise-app/touch                 
                  workspace.packages.dir : /home/subodh/apps/poise-app/packages/local,/home/subodh/apps/poise-app/packages
              workspace.packages.extract : /home/subodh/apps/poise-app/packages/remote       
                     workspace.theme.dir : /home/subodh/apps/poise-app/packages/local,/home/subodh/apps/poise-app/packages/${args.themeName}

Exception information:
=======================
java.lang.NullPointerException
     at java.io.File.<init>(File.java:277)
     at com.sencha.util.FileUtil.readFile(FileUtil.java:158)
     at com.sencha.tools.compiler.jsb.projects.JsbBuilder.processBuild(JsbBuilder.java:29)
     at com.sencha.command.build.JsbCommand.execute(JsbCommand.java:15)
     at sun.reflect.NativeMethodAccessorImpl.invoke0(Native Method)
     at sun.reflect.NativeMethodAccessorImpl.invoke(NativeMethodAccessorImpl.java:62)
     at sun.reflect.DelegatingMethodAccessorImpl.invoke(DelegatingMethodAccessorImpl.java:43)
     at java.lang.reflect.Method.invoke(Method.java:497)
     at com.sencha.util.MethodInvoker$Arguments.invoke(MethodInvoker.java:175)
     at com.sencha.cli.Command.dispatch(Command.java:43)
     at com.sencha.cli.Commands.dispatch(Commands.java:64)
     at com.sencha.command.Sencha.dispatch(Sencha.java:79)
     at com.sencha.command.Sencha.main(Sencha.java:147)
     at sun.reflect.NativeMethodAccessorImpl.invoke0(Native Method)
     at sun.reflect.NativeMethodAccessorImpl.invoke(NativeMethodAccessorImpl.java:62)
     at sun.reflect.DelegatingMethodAccessorImpl.invoke(DelegatingMethodAccessorImpl.java:43)
     at java.lang.reflect.Method.invoke(Method.java:497)
     at com.exe4j.runtime.LauncherEngine.launch(Unknown Source)
     at com.install4j.runtime.launcher.UnixLauncher.main(Unknown Source)

